INFO:     Started server process [114458]
INFO:     Waiting for application startup.
2026-06-29 09:40:04,774 INFO gateway: connecting to redis at redis://localhost:6379
2026-06-29 09:40:04,776 INFO gateway: redis ready (health_check_interval=30s, socket_keepalive=on)
2026-06-29 09:40:04,776 INFO gateway: initializing postgres
2026-06-29 09:40:04,868 INFO gateway.db: schema already current — skipping idempotent migrations (no table locks)
2026-06-29 09:40:04,885 INFO gateway: postgres ready
2026-06-29 09:40:04,886 INFO gateway.stats: stats writer started (queue_max=20000, flush_interval=0.50s, max_batch=500)
2026-06-29 09:40:04,889 INFO gateway: log-archive: mirrored 2 app→storage binding(s) to redis
2026-06-29 09:40:04,890 INFO gateway.log_archive: log-archive flusher started (interval=15s)
2026-06-29 09:40:05,416 WARNING gateway: bench: marked 2 previously-running benchmark(s) as failed (gateway restart). Check RunPod for any pods left billing.
2026-06-29 09:40:05,416 INFO gateway: bench enabled (bucket=gpuplatform)
2026-06-29 09:40:05,428 INFO gateway: compute enabled
2026-06-29 09:40:05,429 INFO gateway.compute: compute idle-terminate loop started (poll every 30s)
2026-06-29 09:40:05,529 WARNING gateway.runpod_provider: runpod reverse-tunnel: no provider-row SSH key — using an ephemeral key (lost on restart; live pods won't reconnect). Use a provider row for prod.
2026-06-29 09:40:05,529 INFO gateway: autoscaler + reconciler + vm_watchdog enabled (provider=runpod)
2026-06-29 09:40:05,529 INFO gateway.autoscaler: autoscaler running
2026-06-29 09:40:05,529 INFO gateway.reconciler: reconciler running (provider=runpod)
2026-06-29 09:40:05,529 INFO gateway.autoscaler: vm_watchdog running (interval=120s)
INFO:     Application startup complete.
ERROR:    [Errno 98] error while attempting to bind on address ('0.0.0.0', 8080): address already in use
INFO:     Waiting for application shutdown.
2026-06-29 09:40:05,530 INFO gateway.autoscaler: autoscaler cancelled
2026-06-29 09:40:05,530 INFO gateway.reconciler: reconciler cancelled
2026-06-29 09:40:05,530 INFO gateway.autoscaler: vm_watchdog cancelled
INFO:     Application shutdown complete.
